[15:31:37] [ServerMain/INFO]: [bootstrap] Running Java 21 (OpenJDK 64-Bit Server VM 21.0.8+9-LTS; Eclipse Adoptium Temurin-21.0.8+9) on Windows 11 10.0 (amd64)
[15:31:37] [ServerMain/INFO]: [bootstrap] Loading Purpur 1.21.8-2497-HEAD@a49cdb9 (2025-09-19T01:51:04Z) for Minecraft 1.21.8
[15:31:39] [ServerMain/INFO]: [PluginInitializerManager] Initializing plugins...
[15:31:40] [ServerMain/INFO]: [PluginInitializerManager] Initialized 19 plugins
[15:31:40] [ServerMain/INFO]: [PluginInitializerManager] Paper plugins (1):
 - CrazyCrates (1.21.8-fde1b0e)
[15:31:40] [ServerMain/INFO]: [PluginInitializerManager] Bukkit plugins (18):
 - AxGraves (1.23.1), Chunky (1.4.40), CoreProtect (23.0), DiscordSRV (1.30.1), Essentials (2.22.0-dev+43-9f57b3e), EssentialsChat (2.22.0-dev+43-9f57b3e), EssentialsSpawn (2.22.0-dev+43-9f57b3e), FastAsyncWorldEdit (2.13.1), Geyser-Spigot (2.9.0-SNAPSHOT), GriefPrevention (16.18.5), LuckPerms (5.5.20), Multiverse-Core (5.3.4), UltimateTimber (4.6.0), ViaBackwards (5.5.1), ViaVersion (5.5.1), floodgate (2.2.5-SNAPSHOT (b121-55a85ec)), packetevents (2.10.1), voicechat (2.6.6)
[15:31:49] [ServerMain/INFO]: Environment: Environment[sessionHost=https://sessionserver.mojang.com, servicesHost=https://api.minecraftservices.com, name=PROD]
[15:31:52] [ServerMain/INFO]: Loaded 1407 recipes
[15:31:52] [ServerMain/INFO]: Loaded 1520 advancements
[15:31:52] [ServerMain/INFO]: [ca.spottedleaf.dataconverter.minecraft.datatypes.MCTypeRegistry] Initialising converters for DataConverter...
[15:31:53] [ServerMain/INFO]: [ca.spottedleaf.dataconverter.minecraft.datatypes.MCTypeRegistry] Finished initialising converters for DataConverter in 575.5ms
[15:31:53] [Server thread/INFO]: Starting minecraft server version 1.21.8
[15:31:53] [Server thread/INFO]: Loading properties
[15:31:53] [Server thread/INFO]: This server is running Purpur version 1.21.8-2497-HEAD@a49cdb9 (2025-09-19T01:51:04Z) (Implementing API version 1.21.8-R0.1-SNAPSHOT)
[15:31:53] [Server thread/INFO]: [spark] This server bundles the spark profiler. For more information please visit https://docs.papermc.io/paper/profiling
[15:31:53] [Server thread/INFO]: Using 4 threads for Netty based IO
[15:31:53] [Server thread/INFO]: Server Ping Player Sample Count: 12
[15:31:55] [Server thread/INFO]: [MoonriseCommon] Paper is using 4 worker threads, 1 I/O threads
[15:31:55] [Server thread/INFO]: [ChunkTaskScheduler] Chunk system is using population gen parallelism: true
[15:31:55] [Server thread/INFO]: Default game type: SURVIVAL
[15:31:55] [Server thread/INFO]: Generating keypair
[15:31:55] [Server thread/INFO]: Starting Minecraft server on *:25565
[15:31:56] [Server thread/INFO]: Using default channel type
[15:31:56] [Server thread/INFO]: Paper: Using Java compression from Velocity.
[15:31:56] [Server thread/INFO]: Paper: Using Java cipher from Velocity.
[15:31:58] [Server thread/INFO]: [ViaVersion] Loading server plugin ViaVersion v5.5.1
[15:31:58] [Server thread/INFO]: [ViaVersion] ViaVersion 5.5.1 is now loaded. Registering protocol transformers and injecting...
[15:31:59] [Via-Mappingloader-0/INFO]: [ViaVersion] Loading block connection mappings ...
[15:31:59] [Via-Mappingloader-0/INFO]: [ViaVersion] Using FastUtil Long2ObjectOpenHashMap for block connections
[15:32:00] [Server thread/INFO]: [ViaBackwards] Loading translations...
[15:32:00] [Server thread/INFO]: [ViaBackwards] Registering protocols...
[15:32:00] [Server thread/INFO]: [FastAsyncWorldEdit] Loading server plugin FastAsyncWorldEdit v2.13.1
[15:32:02] [Server thread/INFO]: Got request to register class com.sk89q.worldedit.bukkit.BukkitServerInterface with WorldEdit [com.sk89q.worldedit.extension.platform.PlatformManager@1dfe0d0d]
[15:32:02] [Server thread/INFO]: [floodgate] Loading server plugin floodgate v2.2.5-SNAPSHOT (b121-55a85ec)
[15:32:03] [Server thread/INFO]: [floodgate] Took 1,102ms to boot Floodgate
[15:32:03] [Server thread/INFO]: [LuckPerms] Loading server plugin LuckPerms v5.5.20
[15:32:04] [Server thread/INFO]: [LuckPerms] Loading configuration...
[15:32:04] [Server thread/INFO]: [CoreProtect] Loading server plugin CoreProtect v23.0
[15:32:04] [Server thread/INFO]: [Geyser-Spigot] Loading server plugin Geyser-Spigot v2.9.0-SNAPSHOT
[15:32:04] [Server thread/INFO]: [Geyser-Spigot] Loading extensions...
[15:32:04] [Server thread/INFO]: [Geyser-Spigot] Loaded 0 extension(s)
[15:32:04] [Server thread/INFO]: [ViaBackwards] Loading server plugin ViaBackwards v5.5.1
[15:32:04] [Server thread/INFO]: [CoreLogging] Loading server plugin Multiverse-Core v5.3.4
[15:32:04] [Server thread/INFO]: [Essentials] Loading server plugin Essentials v2.22.0-dev+43-9f57b3e
[15:32:04] [Server thread/INFO]: [voicechat] Loading server plugin voicechat v2.6.6
[15:32:04] [Server thread/INFO]: [UltimateTimber] Loading server plugin UltimateTimber v4.6.0
[15:32:04] [Server thread/INFO]: [com.songoda.ultimatetimber.core.CoreLogger] [UltimateTimber] [SongodaCore] Loading dependency com.h2database:h2:1.4.200 from https://repo1.maven.org/maven2
[15:32:04] [Server thread/INFO]: [com.songoda.ultimatetimber.core.CoreLogger] [UltimateTimber] [SongodaCore] Loaded dependency 'h2-1.4.200' successfully.
[15:32:04] [Server thread/INFO]: [com.songoda.ultimatetimber.core.CoreLogger] [UltimateTimber] [SongodaCore] ----------------------------
[15:32:04] [Server thread/INFO]: [com.songoda.ultimatetimber.core.CoreLogger] [UltimateTimber] [SongodaCore] Loading dependency org.apache.commons:commons-text:1.12.0 from https://repo1.maven.org/maven2
[15:32:04] [Server thread/INFO]: [com.songoda.ultimatetimber.core.CoreLogger] [UltimateTimber] [SongodaCore] Loaded dependency 'commons-text-1.12.0' successfully.
[15:32:04] [Server thread/INFO]: [com.songoda.ultimatetimber.core.CoreLogger] [UltimateTimber] [SongodaCore] ----------------------------
[15:32:04] [Server thread/INFO]: [com.songoda.ultimatetimber.core.CoreLogger] [UltimateTimber] [SongodaCore] Loading dependency org.apache.commons:commons-lang3:3.14.0 from https://repo1.maven.org/maven2
[15:32:04] [Server thread/INFO]: [com.songoda.ultimatetimber.core.CoreLogger] [UltimateTimber] [SongodaCore] Loaded dependency 'commons-lang3-3.14.0' successfully.
[15:32:04] [Server thread/INFO]: [com.songoda.ultimatetimber.core.CoreLogger] [UltimateTimber] [SongodaCore] ----------------------------
[15:32:04] [Server thread/INFO]: [com.songoda.ultimatetimber.core.CoreLogger] [UltimateTimber] [SongodaCore] Loading dependency org.mariadb.jdbc:mariadb-java-client:3.2.0 from https://repo1.maven.org/maven2
[15:32:04] [Server thread/INFO]: [com.songoda.ultimatetimber.core.CoreLogger] [UltimateTimber] [SongodaCore] Loaded dependency 'mariadb-java-client-3.2.0' successfully.
[15:32:04] [Server thread/INFO]: [com.songoda.ultimatetimber.core.CoreLogger] [UltimateTimber] [SongodaCore] ----------------------------
[15:32:04] [Server thread/INFO]: [com.songoda.ultimatetimber.core.CoreLogger] [UltimateTimber] [SongodaCore] Loading dependency org.jooq:jooq:3.14.16 from https://repo1.maven.org/maven2
[15:32:04] [Server thread/INFO]: [com.songoda.ultimatetimber.core.CoreLogger] [UltimateTimber] [SongodaCore] Loaded dependency 'jooq-3.14.16' successfully.
[15:32:04] [Server thread/INFO]: [com.songoda.ultimatetimber.core.CoreLogger] [UltimateTimber] [SongodaCore] ----------------------------
[15:32:04] [Server thread/INFO]: [com.songoda.ultimatetimber.core.CoreLogger] [UltimateTimber] [SongodaCore] Loading dependency org.reactivestreams:reactive-streams:1.0.2 from https://repo1.maven.org/maven2
[15:32:04] [Server thread/INFO]: [com.songoda.ultimatetimber.core.CoreLogger] [UltimateTimber] [SongodaCore] Loaded dependency 'reactive-streams-1.0.2' successfully.
[15:32:04] [Server thread/INFO]: [com.songoda.ultimatetimber.core.CoreLogger] [UltimateTimber] [SongodaCore] ----------------------------
[15:32:04] [Server thread/INFO]: [com.songoda.ultimatetimber.core.CoreLogger] [UltimateTimber] [SongodaCore] Loading dependency com.zaxxer:HikariCP:4.0.3 from https://repo1.maven.org/maven2
[15:32:04] [Server thread/INFO]: [com.songoda.ultimatetimber.core.CoreLogger] [UltimateTimber] [SongodaCore] Loaded dependency 'HikariCP-4.0.3' successfully.
[15:32:04] [Server thread/INFO]: [com.songoda.ultimatetimber.core.CoreLogger] [UltimateTimber] [SongodaCore] ----------------------------
[15:32:04] [Server thread/INFO]: [com.songoda.ultimatetimber.core.CoreLogger] [UltimateTimber] [SongodaCore] Loading dependency com.github.cryptomorin:XSeries:13.5.1 from https://repo1.maven.org/maven2
[15:32:04] [Server thread/INFO]: [com.songoda.ultimatetimber.core.CoreLogger] [UltimateTimber] [SongodaCore] Loaded dependency 'XSeries-13.5.1' successfully.
[15:32:04] [Server thread/INFO]: [com.songoda.ultimatetimber.core.CoreLogger] [UltimateTimber] [SongodaCore] ----------------------------
[15:32:04] [Server thread/INFO]: [com.songoda.ultimatetimber.core.CoreLogger] [UltimateTimber] [SongodaCore] Loading dependency org.slf4j:slf4j-api:2.0.11 from https://repo1.maven.org/maven2
[15:32:04] [Server thread/INFO]: [com.songoda.ultimatetimber.core.CoreLogger] [UltimateTimber] [SongodaCore] Loaded dependency 'slf4j-api-2.0.11' successfully.
[15:32:04] [Server thread/INFO]: [com.songoda.ultimatetimber.core.CoreLogger] [UltimateTimber] [SongodaCore] ----------------------------
[15:32:04] [Server thread/INFO]: [packetevents] Loading server plugin packetevents v2.10.1
[15:32:06] [Server thread/INFO]: [GriefPrevention] Loading server plugin GriefPrevention v16.18.5
[15:32:06] [Server thread/INFO]: [EssentialsSpawn] Loading server plugin EssentialsSpawn v2.22.0-dev+43-9f57b3e
[15:32:06] [Server thread/INFO]: [EssentialsChat] Loading server plugin EssentialsChat v2.22.0-dev+43-9f57b3e
[15:32:06] [Server thread/INFO]: [DiscordSRV] Loading server plugin DiscordSRV v1.30.1
[15:32:06] [Server thread/INFO]: [CrazyCrates] Loading server plugin CrazyCrates v1.21.8-fde1b0e
[15:32:06] [Server thread/INFO]: [Chunky] Loading server plugin Chunky v1.4.40
[15:32:06] [Server thread/INFO]: [AxGraves] Loading server plugin AxGraves v1.23.1
[15:32:06] [Server thread/INFO]: Server permissions file permissions.yml is empty, ignoring it
[15:32:06] [Server thread/INFO]: [FastAsyncWorldEdit] Enabling FastAsyncWorldEdit v2.13.1
[15:32:06] [Server thread/INFO]: [com.fastasyncworldedit.core.Fawe] LZ4 Compression Binding loaded successfully
[15:32:06] [Server thread/INFO]: [com.fastasyncworldedit.core.Fawe] ZSTD Compression Binding loaded successfully
[15:32:06] [Server thread/INFO]: Registering commands with com.sk89q.worldedit.bukkit.BukkitServerInterface
[15:32:06] [Server thread/INFO]: WEPIF: Using the Bukkit Permissions API.
[15:32:06] [Server thread/INFO]: Using com.sk89q.worldedit.bukkit.adapter.impl.fawe.v1_21_6.PaperweightFaweAdapter as the Bukkit adapter
[15:32:08] [Server thread/INFO]: [LuckPerms] Enabling LuckPerms v5.5.20
[15:32:08] [ForkJoinPool.commonPool-worker-1/WARN]: [com.fastasyncworldedit.core.util.UpdateNotification] A new release for FastAsyncWorldEdit is available: 2.14.0. You are currently on 2.13.1.
Download from https://modrinth.com/plugin/fastasyncworldedit, https://hangar.papermc.io/IntellectualSites/FastAsyncWorldEdit or https://www.spigotmc.org/resources/13932
[15:32:09] [ForkJoinPool.commonPool-worker-1/WARN]: [com.fastasyncworldedit.core.util.UpdateNotification] An update for FastAsyncWorldEdit is available. You are 1217 build(s) out of date.
You are running build 0, the latest version is build 1217.
Update at https://ci.athion.net/job/FastAsyncWorldEdit
[15:32:09] [Server thread/INFO]:         __    
[15:32:09] [Server thread/INFO]:   |    |__)   LuckPerms v5.5.20
[15:32:09] [Server thread/INFO]:   |___ |      Running on Bukkit - Purpur
[15:32:09] [Server thread/INFO]: 
[15:32:09] [Server thread/INFO]: [LuckPerms] Loading storage provider... [H2]
[15:32:10] [Server thread/INFO]: [LuckPerms] Loading internal permission managers...
[15:32:10] [Server thread/INFO]: [LuckPerms] Performing initial data load...
[15:32:10] [Server thread/INFO]: [LuckPerms] Successfully enabled. (took 2002ms)
[15:32:10] [Server thread/WARN]: **** SERVER IS RUNNING IN OFFLINE/INSECURE MODE!
[15:32:10] [Server thread/WARN]: The server will make no attempt to authenticate usernames. Beware.
[15:32:10] [Server thread/WARN]: While this makes the game possible to play without internet access, it also opens up the ability for hackers to connect with any username they choose.
[15:32:10] [Server thread/WARN]: To change this, set "online-mode" to "true" in the server.properties file.
[15:32:10] [Server thread/INFO]: Preparing level "world"
[15:32:11] [Server thread/INFO]: Preparing start region for dimension minecraft:overworld
[15:32:11] [Server thread/INFO]: Preparing spawn area: 0%
[15:32:12] [Server thread/INFO]: Preparing spawn area: 0%
[15:32:12] [Server thread/INFO]: Preparing spawn area: 0%
[15:32:13] [Server thread/INFO]: Time elapsed: 1368 ms
[15:32:13] [Server thread/INFO]: Preparing start region for dimension minecraft:the_nether
[15:32:13] [Server thread/INFO]: Preparing spawn area: 0%
[15:32:13] [Server thread/INFO]: Time elapsed: 161 ms
[15:32:13] [Server thread/INFO]: Preparing start region for dimension minecraft:the_end
[15:32:13] [Server thread/INFO]: Preparing spawn area: 0%
[15:32:13] [Server thread/INFO]: Time elapsed: 94 ms
[15:32:13] [Server thread/INFO]: [ViaVersion] Enabling ViaVersion v5.5.1
[15:32:13] [Server thread/INFO]: [ViaVersion] ViaVersion detected server version: 1.21.7-1.21.8 (772)
[15:32:13] [Server thread/INFO]: [floodgate] Enabling floodgate v2.2.5-SNAPSHOT (b121-55a85ec)
[15:32:13] [Server thread/INFO]: [CoreProtect] Enabling CoreProtect v23.0
[15:32:14] [Server thread/INFO]: [CoreProtect] Invalid WorldEdit version found.
[15:32:14] [Server thread/INFO]: [CoreProtect] CoreProtect Community Edition has been successfully enabled! 
[15:32:14] [Server thread/INFO]: [CoreProtect] Using SQLite for data storage.
[15:32:14] [Server thread/INFO]: --------------------
[15:32:14] [Server thread/INFO]: [CoreProtect] Enjoy CoreProtect? Join our Discord!
[15:32:14] [Server thread/INFO]: [CoreProtect] Discord: www.coreprotect.net/discord/
[15:32:14] [Server thread/INFO]: --------------------
[15:32:14] [Server thread/INFO]: [Geyser-Spigot] Enabling Geyser-Spigot v2.9.0-SNAPSHOT
[15:32:15] [Server thread/INFO]: [ViaBackwards] Enabling ViaBackwards v5.5.1
[15:32:15] [Server thread/INFO]: [Multiverse-Core] Enabling Multiverse-Core v5.3.4
[15:32:17] [Server thread/INFO]: [Multiverse-Core] API service loaded!
[15:32:17] [Server thread/INFO]: [Multiverse-Core] Version 5.3.4 (API v5.3) Enabled - By dumptruckman, Rigby, fernferret, lithium3141, main--, benwoo1110 and Zax71
[15:32:17] [Server thread/INFO]: [Multiverse-Core] Loving Multiverse-Core? Please consider supporting the project with a small donation: https://github.com/sponsors/Multiverse
[15:32:17] [Server thread/INFO]: [Essentials] Enabling Essentials v2.22.0-dev+43-9f57b3e
[15:32:17] [Server thread/ERROR]: [Essentials] You are running an unsupported server version!
[15:32:18] [Server thread/INFO]: [Essentials] Attempting to convert old kits in config.yml to new kits.yml
[15:32:18] [Server thread/INFO]: [Essentials] No kits found to migrate.
[15:32:18] [Server thread/INFO]: [Essentials] Selected 1.21+ InventoryView Interface ABI Provider as the provider for InventoryViewProvider
[15:32:18] [Server thread/INFO]: [Essentials] Selected 1.14+ Sign Data Provider as the provider for SignDataProvider
[15:32:18] [Server thread/INFO]: [Essentials] Selected 1.11+ Item Unbreakable Provider as the provider for ItemUnbreakableProvider
[15:32:18] [Server thread/INFO]: [Essentials] Selected 1.12.2+ Player Locale Provider as the provider for PlayerLocaleProvider
[15:32:18] [Server thread/INFO]: [Essentials] Selected 1.13+ Spawn Egg Provider as the provider for SpawnEggProvider
[15:32:18] [Server thread/INFO]: [Essentials] Selected Reflection Online Mode Provider as the provider for OnlineModeProvider
[15:32:18] [Server thread/INFO]: [Essentials] Selected Paper Serialization Provider as the provider for SerializationProvider
[15:32:18] [Server thread/INFO]: [Essentials] Selected 1.20.6+ Potion Meta Provider as the provider for PotionMetaProvider
[15:32:18] [Server thread/INFO]: [Essentials] Selected Legacy Biome Name Provider as the provider for BiomeNameProvider
[15:32:18] [Server thread/INFO]: [Essentials] Selected 1.8.3+ Spawner Item Provider as the provider for SpawnerItemProvider
[15:32:18] [Server thread/INFO]: [Essentials] Selected Paper Server State Provider as the provider for ServerStateProvider
[15:32:18] [Server thread/INFO]: [Essentials] Selected Paper Material Tag Provider as the provider for MaterialTagProvider
[15:32:18] [Server thread/INFO]: [Essentials] Selected 1.20.4+ Damage Event Provider as the provider for DamageEventProvider
[15:32:18] [Server thread/INFO]: [Essentials] Selected Paper Biome Key Provider as the provider for BiomeKeyProvider
[15:32:18] [Server thread/INFO]: [Essentials] Selected 1.17.1+ World Info Provider as the provider for WorldInfoProvider
[15:32:18] [Server thread/INFO]: [Essentials] Selected 1.14.4+ Persistent Data Container Provider as the provider for PersistentDataProvider
[15:32:18] [Server thread/INFO]: [Essentials] Selected Paper Container Provider as the provider for ContainerProvider
[15:32:18] [Server thread/INFO]: [Essentials] Selected 1.20.5+ Banner Data Provider as the provider for BannerDataProvider
[15:32:18] [Server thread/INFO]: [Essentials] Selected 1.12+ Spawner Block Provider as the provider for SpawnerBlockProvider
[15:32:18] [Server thread/INFO]: [Essentials] Selected Paper Known Commands Provider as the provider for KnownCommandsProvider
[15:32:18] [Server thread/INFO]: [Essentials] Selected Paper Tick Count Provider as the provider for TickCountProvider
[15:32:18] [Server thread/INFO]: [Essentials] Selected Reflection Formatted Command Alias Provider as the provider for FormattedCommandAliasProvider
[15:32:18] [Server thread/INFO]: [Essentials] Selected 1.21.4+ Sync Commands Provider as the provider for SyncCommandsProvider
[15:32:18] [Server thread/INFO]: [Essentials] Loaded 45989 items from items.json.
[15:32:18] [Server thread/INFO]: [Essentials] Using locale en_US
[15:32:18] [Server thread/INFO]: [Essentials] ServerListPingEvent: Spigot iterator API
[15:32:18] [Server thread/INFO]: [Essentials] Starting Metrics. Opt-out using the global bStats config.
[15:32:18] [Server thread/WARN]: [Essentials] Detected supported permissions plugin LuckPerms without Vault installed.
[15:32:18] [Server thread/WARN]: [Essentials] Features such as chat prefixes/suffixes and group-related functionality will not work until you install Vault.
[15:32:18] [Server thread/INFO]: [Essentials] Using superperms-based permissions.
[15:32:18] [Server thread/INFO]: [voicechat] Enabling voicechat v2.6.6
[15:32:19] [Server thread/INFO]: [voicechat] Initializing compatibility for version 1.21.8-R0.1
[15:32:19] [Server thread/INFO]: [voicechat] Compatibility version 20
[15:32:19] [Server thread/INFO]: [voicechat] Successfully initialized commodore command completion
[15:32:19] [Server thread/INFO]: [voicechat] Successfully added ViaVersion mappings
[15:32:19] [Server thread/INFO]: [UltimateTimber] Enabling UltimateTimber v4.6.0
[15:32:19] [Server thread/INFO]:  
[15:32:19] [Server thread/INFO]: =============================
[15:32:19] [Server thread/INFO]: UltimateTimber 4.6.0 by Songoda <3!
[15:32:19] [Server thread/INFO]: Action: Enabling...
[15:32:19] [Server thread/INFO]: [UltimateTimber] Loaded locale "en_US"
[15:32:19] [Server thread/INFO]: [com.songoda.ultimatetimber.core.CoreLogger] [UltimateTimber] [SongodaCore] [SongodaCore] Hooked UltimateTimber.
[15:32:20] [Server thread/INFO]: =============================
[15:32:20] [Server thread/INFO]:  
[15:32:20] [Server thread/INFO]: [packetevents] Enabling packetevents v2.10.1
[15:32:20] [packetevents-update-check-thread/INFO]: [packetevents] Checking for updates, please wait...
[15:32:20] [Server thread/INFO]: [GriefPrevention] Enabling GriefPrevention v16.18.5
[15:32:20] [Server thread/INFO]: [GriefPrevention] Finished loading configuration.
[15:32:20] [Server thread/INFO]: [GriefPrevention] 0 total claims loaded.
[15:32:20] [Server thread/INFO]: [GriefPrevention] Customizable messages loaded.
[15:32:20] [Server thread/INFO]: [GriefPrevention] Finished loading data (File Mode).
[15:32:20] [packetevents-update-check-thread/INFO]: [packetevents] You are running the latest release of PacketEvents. Your build: (2.10.1)
[15:32:20] [Server thread/INFO]: [GriefPrevention] Boot finished.
[15:32:20] [Server thread/INFO]: [EssentialsSpawn] Enabling EssentialsSpawn v2.22.0-dev+43-9f57b3e
[15:32:20] [Server thread/INFO]: [EssentialsSpawn] Starting Metrics. Opt-out using the global bStats config.
[15:32:20] [Server thread/INFO]: [EssentialsChat] Enabling EssentialsChat v2.22.0-dev+43-9f57b3e
[15:32:20] [Server thread/INFO]: [EssentialsChat] Starting Metrics. Opt-out using the global bStats config.
[15:32:20] [Server thread/INFO]: [DiscordSRV] Enabling DiscordSRV v1.30.1
[15:32:20] [Server thread/INFO]: [CrazyCrates] Enabling CrazyCrates v1.21.8-fde1b0e
[15:32:20] [DiscordSRV - Initialization/ERROR]: [DiscordSRV] No bot token has been set in the config; a bot token is required to connect to Discord.
[15:32:21] [Server thread/INFO]: [Chunky] Enabling Chunky v1.4.40
[15:32:21] [Server thread/INFO]: [AxGraves] Enabling AxGraves v1.23.1
[15:32:22] [pool-34-thread-1/WARN]: [DiscordSRV] 

The current build of DiscordSRV is outdated by 10 commits! Get the latest build at your favorite distribution center.

Modrinth: https://modrinth.com/plugin/discordsrv/
Github: https://github.com/DiscordSRV/DiscordSRV/releases/
Direct Download: https://get.discordsrv.com/

[15:32:23] [Server thread/INFO]: [spark] Starting background profiler...
[15:32:23] [Server thread/INFO]: [spark] The async-profiler engine is not supported for your os/arch (windows11/amd64), so the built-in Java engine will be used instead.
[15:32:23] [Server thread/INFO]: [Geyser-Spigot] ******************************************
[15:32:23] [Server thread/INFO]: [Geyser-Spigot] 
[15:32:23] [Server thread/INFO]: [Geyser-Spigot] Loading Geyser version 2.9.0-b986 (git-master-80db983)
[15:32:23] [Server thread/INFO]: [Geyser-Spigot] 
[15:32:23] [Server thread/INFO]: [Geyser-Spigot] ******************************************
[15:32:28] [Server thread/INFO]: [Geyser-Spigot] Started Geyser on UDP port 19132
[15:32:28] [Server thread/INFO]: [Geyser-Spigot] Done (4.867s)! Run /geyser help for help!
[15:32:28] [Server thread/INFO]: Done preparing level "world" (18.182s)
[15:32:28] [Server thread/INFO]: Running delayed init tasks
[15:32:28] [Craft Scheduler Thread - 6 - ViaVersion/INFO]: [ViaVersion] Finished mapping loading, shutting down loader executor.
[15:32:28] [Craft Scheduler Thread - 7 - Essentials/INFO]: [Essentials] Fetching version information...
[15:32:28] [Server thread/INFO]: [com.fastasyncworldedit.bukkit.regions.GriefPreventionFeature] Plugin 'GriefPrevention' found. Using it now.
[15:32:28] [Server thread/INFO]: [com.fastasyncworldedit.bukkit.FaweBukkit] Attempting to use plugin 'GriefPrevention'
[15:32:28] [Server thread/INFO]: [DiscordSRV] Disabling DiscordSRV v1.30.1
[15:32:28] [Server thread/INFO]: Done (52.598s)! For help, type "help"
[15:32:28] [Server thread/INFO]: [voicechat] Loading plugins
[15:32:28] [Server thread/INFO]: [voicechat] Loaded 0 plugin(s)
[15:32:28] [Server thread/INFO]: [voicechat] Initializing plugins
[15:32:28] [Server thread/INFO]: [voicechat] Initialized 0 plugin(s)
[15:32:28] [Server thread/WARN]: [voicechat] Running in offline mode - Voice chat encryption is not secure!
[15:32:28] [VoiceChatServerThread/INFO]: [voicechat] Voice chat server started at port 24454
[15:32:35] [User Authenticator #0/INFO]: UUID of player MersYeon is ed8fdb72-e71e-33e3-bdbf-a821f55d315c
[15:32:35] [Server thread/INFO]: [HorriblePlayerLoginEventHack] You have plugins listening to the PlayerLoginEvent, this will cause re-configuration APIs to be unavailable: [UltimateTimber, LuckPerms, GriefPrevention]
[15:32:37] [Server thread/INFO]: MersYeon joined the game
[15:32:37] [Server thread/INFO]: MersYeon[/127.0.0.1:51138] logged in with entity id 50 at ([world]25.9628575335899, 89.0, 114.34899658182196)
[15:32:40] [Server thread/INFO]: MersYeon lost connection: Disconnected
[15:32:40] [Server thread/INFO]: [voicechat] Disconnecting client MersYeon
[15:32:40] [Server thread/INFO]: MersYeon left the game
[15:33:04] [Server thread/INFO]: Saving the game (this may take a moment!)
[15:33:04] [Server thread/INFO]: Saved the game
[15:33:05] [Server thread/INFO]: Stopping the server
[15:33:05] [Server thread/INFO]: Stopping server
[15:33:05] [Server thread/INFO]: [AxGraves] Disabling AxGraves v1.23.1
[15:33:05] [Server thread/INFO]: [Chunky] Disabling Chunky v1.4.40
[15:33:05] [Server thread/INFO]: [CrazyCrates] Disabling CrazyCrates v1.21.8-fde1b0e
[15:33:05] [Server thread/INFO]: [EssentialsChat] Disabling EssentialsChat v2.22.0-dev+43-9f57b3e
[15:33:05] [Server thread/INFO]: [EssentialsSpawn] Disabling EssentialsSpawn v2.22.0-dev+43-9f57b3e
[15:33:05] [Server thread/INFO]: [GriefPrevention] Disabling GriefPrevention v16.18.5
[15:33:05] [Server thread/INFO]: [GriefPrevention] GriefPrevention disabled.
[15:33:05] [Server thread/INFO]: [packetevents] Disabling packetevents v2.10.1
[15:33:05] [Server thread/INFO]: [UltimateTimber] Disabling UltimateTimber v4.6.0
[15:33:05] [Server thread/INFO]:  
[15:33:05] [Server thread/INFO]: =============================
[15:33:05] [Server thread/INFO]: UltimateTimber 4.6.0 by Songoda <3!
[15:33:05] [Server thread/INFO]: Action: Disabling...
[15:33:05] [Server thread/INFO]: =============================
[15:33:05] [Server thread/INFO]:  
[15:33:05] [Server thread/INFO]: [voicechat] Disabling voicechat v2.6.6
[15:33:05] [Server thread/INFO]: [Essentials] Disabling Essentials v2.22.0-dev+43-9f57b3e
[15:33:05] [Server thread/INFO]: [Multiverse-Core] Disabling Multiverse-Core v5.3.4
[15:33:05] [Server thread/INFO]: [ViaBackwards] Disabling ViaBackwards v5.5.1
[15:33:05] [Server thread/INFO]: [Geyser-Spigot] Disabling Geyser-Spigot v2.9.0-SNAPSHOT
[15:33:05] [Server thread/INFO]: [Geyser-Spigot] Shutting down Geyser.
[15:33:06] [Server thread/INFO]: [Geyser-Spigot] Geyser shutdown successfully.
[15:33:06] [Server thread/INFO]: [CoreProtect] Disabling CoreProtect v23.0
[15:33:06] [Server thread/INFO]: [CoreProtect] Finishing up data logging. Please wait...
[15:33:06] [WebSocketConnectReadThread-185/INFO]: [Geyser-Spigot] The skin uploader has been closed
[15:33:06] [Server thread/INFO]: [CoreProtect] Success! Disabled CoreProtect v23.0
[15:33:06] [Server thread/INFO]: [LuckPerms] Disabling LuckPerms v5.5.20
[15:33:06] [Server thread/INFO]: [LuckPerms] Starting shutdown process...
[15:33:06] [Server thread/INFO]: [LuckPerms] Closing storage...
[15:33:06] [Server thread/INFO]: [LuckPerms] Goodbye!
[15:33:06] [Server thread/INFO]: [floodgate] Disabling floodgate v2.2.5-SNAPSHOT (b121-55a85ec)
[15:33:06] [Server thread/INFO]: [FastAsyncWorldEdit] Disabling FastAsyncWorldEdit v2.13.1
[15:33:06] [Server thread/INFO]: Unregistering com.sk89q.worldedit.bukkit.BukkitServerInterface from WorldEdit
[15:33:06] [Server thread/INFO]: [ViaVersion] Disabling ViaVersion v5.5.1
[15:33:06] [Server thread/INFO]: [ViaVersion] ViaVersion has been disabled; uninjected the platform and shut down the scheduler.
[15:33:06] [Server thread/INFO]: Saving players
[15:33:06] [Server thread/INFO]: Saving worlds
[15:33:06] [Server thread/INFO]: Saving chunks for level 'ServerLevel[world]'/minecraft:overworld
[15:33:06] [Server thread/INFO]: [ChunkHolderManager] Waiting 60s for chunk system to halt for world 'world'
[15:33:06] [Server thread/INFO]: [ChunkHolderManager] Halted chunk system for world 'world'
[15:33:06] [Server thread/INFO]: [ChunkHolderManager] Saving all chunkholders for world 'world'
[15:33:06] [Server thread/INFO]: [ChunkHolderManager] Saved 0 block chunks, 79 entity chunks, 0 poi chunks in world 'world' in 0.05s
[15:33:06] [Server thread/INFO]: [ChunkHolderManager] Waiting 60s for chunk I/O to halt for world 'world'
[15:33:06] [Server thread/INFO]: [ChunkHolderManager] Halted I/O scheduler for world 'world'
[15:33:06] [Server thread/INFO]: Saving chunks for level 'ServerLevel[world_nether]'/minecraft:the_nether
[15:33:06] [Server thread/INFO]: [ChunkHolderManager] Waiting 60s for chunk system to halt for world 'world_nether'
[15:33:06] [Server thread/INFO]: [ChunkHolderManager] Halted chunk system for world 'world_nether'
[15:33:06] [Server thread/INFO]: [ChunkHolderManager] Saving all chunkholders for world 'world_nether'
[15:33:06] [Server thread/INFO]: [ChunkHolderManager] Saved 0 block chunks, 0 entity chunks, 0 poi chunks in world 'world_nether' in 0.00s
[15:33:06] [Server thread/INFO]: [ChunkHolderManager] Waiting 60s for chunk I/O to halt for world 'world_nether'
[15:33:06] [Server thread/INFO]: [ChunkHolderManager] Halted I/O scheduler for world 'world_nether'
[15:33:06] [Server thread/INFO]: Saving chunks for level 'ServerLevel[world_the_end]'/minecraft:the_end
[15:33:06] [Server thread/INFO]: [ChunkHolderManager] Waiting 60s for chunk system to halt for world 'world_the_end'
[15:33:06] [Server thread/INFO]: [ChunkHolderManager] Halted chunk system for world 'world_the_end'
[15:33:06] [Server thread/INFO]: [ChunkHolderManager] Saving all chunkholders for world 'world_the_end'
[15:33:06] [Server thread/INFO]: [ChunkHolderManager] Saved 0 block chunks, 10 entity chunks, 0 poi chunks in world 'world_the_end' in 0.01s
[15:33:06] [Server thread/INFO]: [ChunkHolderManager] Waiting 60s for chunk I/O to halt for world 'world_the_end'
[15:33:06] [Server thread/INFO]: [ChunkHolderManager] Halted I/O scheduler for world 'world_the_end'
[15:33:06] [Server thread/INFO]: ThreadedAnvilChunkStorage (world): All chunks are saved
[15:33:06] [Server thread/INFO]: ThreadedAnvilChunkStorage (DIM-1): All chunks are saved
[15:33:06] [Server thread/INFO]: ThreadedAnvilChunkStorage (DIM1): All chunks are saved
[15:33:06] [Server thread/INFO]: ThreadedAnvilChunkStorage: All dimensions are saved
[15:33:06] [Server thread/INFO]: Waiting for all RegionFile I/O tasks to complete...
[15:33:06] [Server thread/INFO]: All RegionFile I/O tasks to complete
[15:33:06] [Server thread/INFO]: [MoonriseCommon] Awaiting termination of worker pool for up to 60s...
[15:33:06] [Server thread/INFO]: [MoonriseCommon] Awaiting termination of I/O pool for up to 60s...
