{"ts":1763531687187,"actor":"admin","action":"edit_properties","details":{}}
{"ts":1763531922350,"actor":"admin","action":"save_all","details":{}}
{"ts":1763531958122,"actor":"admin","action":"start","details":{}}
{"ts":1763531964529,"actor":"admin","action":"kill","details":{}}
{"ts":1763531965954,"actor":"admin","action":"kill","details":{}}
{"ts":1763531966110,"actor":"admin","action":"kill","details":{}}
{"ts":1763531966258,"actor":"admin","action":"kill","details":{}}
{"ts":1763531966405,"actor":"admin","action":"kill","details":{}}
{"ts":1763531966982,"actor":"admin","action":"restart","details":{}}
{"ts":1763531967344,"actor":"admin","action":"start","details":{}}
{"ts":1763531967568,"actor":"admin","action":"stop","details":{}}
{"ts":1763531967745,"actor":"admin","action":"stop","details":{}}
{"ts":1763531967923,"actor":"admin","action":"stop","details":{}}
{"ts":1763531968082,"actor":"admin","action":"stop","details":{}}
{"ts":1763531968240,"actor":"admin","action":"stop","details":{}}
{"ts":1763532002275,"actor":"admin","action":"edit_config","details":{}}
{"ts":1763532019038,"actor":"admin","action":"edit_properties","details":{}}
{"ts":1763532021124,"actor":"admin","action":"edit_properties","details":{}}
{"ts":1763532357171,"actor":"admin","action":"edit_properties","details":{}}
{"ts":1763532357188,"actor":"admin","action":"restart","details":{}}
{"ts":1763532359745,"actor":"admin","action":"start","details":{}}
{"ts":1763532364483,"actor":"admin","action":"start","details":{}}
{"ts":1763532364924,"actor":"admin","action":"stop","details":{}}
{"ts":1763532365334,"actor":"admin","action":"start","details":{}}
{"ts":1763532395818,"actor":"admin","action":"plugin_upload","details":{"target":"C:\\Users\\MersYeon\\Documents\\GitHub\\SproutMC\\instances\\default\\plugins\\purpur-1.21.8-2497.jar"}}
{"ts":1763532427304,"actor":"admin","action":"edit_config","details":{}}
{"ts":1763532427474,"actor":"admin","action":"edit_config","details":{}}
{"ts":1763532427634,"actor":"admin","action":"edit_config","details":{}}
{"ts":1763532427747,"actor":"admin","action":"edit_config","details":{}}
{"ts":1763532429090,"actor":"admin","action":"start","details":{}}
{"ts":1763532429425,"actor":"admin","action":"start","details":{}}
{"ts":1763532432492,"actor":"admin","action":"console","details":{"command":"asdad"}}
{"ts":1763532450128,"actor":"admin","action":"plugin_delete","details":{"target":"C:\\Users\\MersYeon\\Documents\\GitHub\\SproutMC\\instances\\default\\plugins\\purpur-1.21.8-2497.jar"}}
{"ts":1763532457881,"actor":"admin","action":"upload","details":{"target":"C:\\Users\\MersYeon\\Documents\\GitHub\\SproutMC\\instances\\default\\purpur-1.21.8-2497.jar"}}
{"ts":1763532477239,"actor":"admin","action":"rename","details":{"from":"C:\\Users\\MersYeon\\Documents\\GitHub\\SproutMC\\instances\\default\\purpur-1.21.8-2497.jar","to":"C:\\Users\\MersYeon\\Documents\\GitHub\\SproutMC\\instances\\default\\server.jar"}}
{"ts":1763532483362,"actor":"admin","action":"edit_config","details":{}}
{"ts":1763532483583,"actor":"admin","action":"edit_config","details":{}}
{"ts":1763532483744,"actor":"admin","action":"edit_config","details":{}}
{"ts":1763532483864,"actor":"admin","action":"edit_config","details":{}}
{"ts":1763532519426,"actor":"admin","action":"edit_config","details":{}}
{"ts":1763532519579,"actor":"admin","action":"edit_config","details":{}}
{"ts":1763532519724,"actor":"admin","action":"edit_config","details":{}}
{"ts":1763532519854,"actor":"admin","action":"edit_config","details":{}}
{"ts":1763532548840,"actor":"admin","action":"stop","details":{}}
{"ts":1763532912366,"actor":"admin","action":"plugin_upload","details":{"target":"C:\\Users\\MersYeon\\Documents\\GitHub\\SproutMC\\instances\\default\\plugins\\EssentialsXSpawn-2.22.0-dev+43-9f57b3e.jar"}}
{"ts":1763532912369,"actor":"admin","action":"plugin_upload","details":{"target":"C:\\Users\\MersYeon\\Documents\\GitHub\\SproutMC\\instances\\default\\plugins\\EssentialsX-2.22.0-dev+43-9f57b3e.jar"}}
{"ts":1763532912371,"actor":"admin","action":"plugin_upload","details":{"target":"C:\\Users\\MersYeon\\Documents\\GitHub\\SproutMC\\instances\\default\\plugins\\EssentialsXChat-2.22.0-dev+43-9f57b3e.jar"}}
{"ts":1763532912373,"actor":"admin","action":"plugin_upload","details":{"target":"C:\\Users\\MersYeon\\Documents\\GitHub\\SproutMC\\instances\\default\\plugins\\CoreProtect-CE-23.0 (1).jar"}}
{"ts":1763532912376,"actor":"admin","action":"plugin_upload","details":{"target":"C:\\Users\\MersYeon\\Documents\\GitHub\\SproutMC\\instances\\default\\plugins\\ViaBackwards-5.5.1.jar"}}
{"ts":1763532912378,"actor":"admin","action":"plugin_upload","details":{"target":"C:\\Users\\MersYeon\\Documents\\GitHub\\SproutMC\\instances\\default\\plugins\\ViaVersion-5.5.1.jar"}}
{"ts":1763532912379,"actor":"admin","action":"plugin_upload","details":{"target":"C:\\Users\\MersYeon\\Documents\\GitHub\\SproutMC\\instances\\default\\plugins\\floodgate-spigot (1).jar"}}
{"ts":1763532912381,"actor":"admin","action":"plugin_upload","details":{"target":"C:\\Users\\MersYeon\\Documents\\GitHub\\SproutMC\\instances\\default\\plugins\\Geyser-Spigot (1).jar"}}
{"ts":1763533228930,"actor":"admin","action":"file_edit","details":{"path":"C:\\Users\\MersYeon\\Documents\\GitHub\\SproutMC\\instances\\default\\eula.txt"}}
{"ts":1763533232961,"actor":"admin","action":"file_edit","details":{"path":"C:\\Users\\MersYeon\\Documents\\GitHub\\SproutMC\\instances\\default\\eula.txt"}}
{"ts":1763533236359,"actor":"admin","action":"start","details":{}}
{"ts":1763533300068,"actor":"admin","action":"console","details":{"command":"tps"}}
{"ts":1763533430621,"actor":"admin","action":"console","details":{"command":"tps"}}
{"ts":1763534358149,"actor":"admin","action":"delete","details":{"path":"C:\\Users\\MersYeon\\Documents\\GitHub\\SproutMC\\instances\\default\\cache"}}
{"ts":1763534421000,"actor":"admin","action":"start","details":{}}
{"ts":1763534512064,"actor":"admin","action":"console","details":{"command":"tos"}}
{"ts":1763534606272,"actor":"admin","action":"console","details":{"command":"op MersYeon"}}
{"ts":1763534730272,"actor":"admin","action":"plugin_upload","details":{"target":"C:\\Users\\MersYeon\\Documents\\GitHub\\SproutMC\\instances\\default\\plugins\\DiscordSRV-Build-1.30.1 (1).jar"}}
{"ts":1763535101747,"actor":"admin","action":"plugin_upload","details":{"target":"C:\\Users\\MersYeon\\Documents\\GitHub\\SproutMC\\instances\\default\\plugins\\Chunky-Bukkit-1.4.40.jar"}}
{"ts":1763535101750,"actor":"admin","action":"plugin_upload","details":{"target":"C:\\Users\\MersYeon\\Documents\\GitHub\\SproutMC\\instances\\default\\plugins\\veinminer-enchant-2.3.0.jar"}}
{"ts":1763535101753,"actor":"admin","action":"plugin_upload","details":{"target":"C:\\Users\\MersYeon\\Documents\\GitHub\\SproutMC\\instances\\default\\plugins\\voicechat-bukkit-2.6.6 (2).jar"}}
{"ts":1763535101755,"actor":"admin","action":"plugin_upload","details":{"target":"C:\\Users\\MersYeon\\Documents\\GitHub\\SproutMC\\instances\\default\\plugins\\CrazyCrates-1.21.8-fde1b0e.jar"}}
{"ts":1763535101757,"actor":"admin","action":"plugin_upload","details":{"target":"C:\\Users\\MersYeon\\Documents\\GitHub\\SproutMC\\instances\\default\\plugins\\packetevents-spigot-2.10.1.jar"}}
{"ts":1763535101760,"actor":"admin","action":"plugin_upload","details":{"target":"C:\\Users\\MersYeon\\Documents\\GitHub\\SproutMC\\instances\\default\\plugins\\multiverse-core-5.3.4.jar"}}
{"ts":1763535101762,"actor":"admin","action":"plugin_upload","details":{"target":"C:\\Users\\MersYeon\\Documents\\GitHub\\SproutMC\\instances\\default\\plugins\\FastAsyncWorldEdit-Paper-2.13.1.jar"}}
{"ts":1763535101764,"actor":"admin","action":"plugin_upload","details":{"target":"C:\\Users\\MersYeon\\Documents\\GitHub\\SproutMC\\instances\\default\\plugins\\AxGraves-1.23.1.jar"}}
{"ts":1763535337288,"actor":"admin","action":"plugin_upload","details":{"target":"C:\\Users\\MersYeon\\Documents\\GitHub\\SproutMC\\instances\\default\\plugins\\GriefPrevention (1).jar"}}
{"ts":1763535337290,"actor":"admin","action":"plugin_upload","details":{"target":"C:\\Users\\MersYeon\\Documents\\GitHub\\SproutMC\\instances\\default\\plugins\\ultimatetimber-4.6.0.jar"}}
{"ts":1763535337292,"actor":"admin","action":"plugin_upload","details":{"target":"C:\\Users\\MersYeon\\Documents\\GitHub\\SproutMC\\instances\\default\\plugins\\LuckPerms-Bukkit-5.5.20.jar"}}
{"ts":1763535351960,"actor":"admin","action":"restart","details":{}}
{"ts":1763535453494,"actor":"admin","action":"console","details":{"command":"tps"}}
{"ts":1763535467010,"actor":"admin","action":"delete","details":{"path":"C:\\Users\\MersYeon\\Documents\\GitHub\\SproutMC\\instances\\default\\ops.json"}}
{"ts":1763535473585,"actor":"admin","action":"delete","details":{"path":"C:\\Users\\MersYeon\\Documents\\GitHub\\SproutMC\\instances\\default\\plugins\\veinminer-enchant-2.3.0.jar"}}
{"ts":1763535564627,"actor":"admin","action":"delete","details":{"path":"C:\\Users\\MersYeon\\Documents\\GitHub\\SproutMC\\instances\\default\\commands.yml"}}
{"ts":1763535705851,"actor":"admin","action":"start","details":{}}
{"ts":1763536085340,"actor":"admin","action":"console","details":{"command":"op MersYeon"}}
{"ts":1763536808421,"actor":"admin","action":"start","details":{}}
{"ts":1763536922934,"actor":"admin","action":"backup_delete","details":{"file":"backup-1763534777604.zip"}}
{"ts":1763536925762,"actor":"admin","action":"start","details":{}}
{"ts":1763537106957,"actor":"admin","action":"start","details":{}}
{"ts":1763537109732,"actor":"admin","action":"start","details":{}}
{"ts":1763537109897,"actor":"admin","action":"start","details":{}}
{"ts":1763537110169,"actor":"admin","action":"stop","details":{}}
{"ts":1763537110514,"actor":"admin","action":"start","details":{}}
{"ts":1763537113526,"actor":"admin","action":"start","details":{}}
{"ts":1763537120251,"actor":"admin","action":"stop","details":{}}
{"ts":1763537139580,"actor":"admin","action":"start","details":{}}
{"ts":1763537143126,"actor":"admin","action":"start","details":{}}
{"ts":1763537245615,"actor":"admin","action":"stop","details":{}}
{"ts":1763537291127,"actor":"admin","action":"start","details":{}}
{"ts":1763537495151,"actor":"admin","action":"start","details":{}}
{"ts":1763537584281,"actor":"admin","action":"stop","details":{}}
